time="2026-04-04T15:12:30Z" level=info msg="create process:php-fpm"
time="2026-04-04T15:12:30Z" level=info msg="create process:nginx"
time="2026-04-04T15:12:30Z" level=info msg="stop listening"
time="2026-04-04T15:12:30Z" level=info msg="try to start program" program=php-fpm
time="2026-04-04T15:12:30Z" level=info msg="try to start program" program=nginx
time="2026-04-04T15:12:31Z" level=info msg="success to start program" program=nginx
time="2026-04-04T15:12:31Z" level=info msg="success to start program" program=php-fpm
time="2026-04-05T00:39:03Z" level=info msg="create process:php-fpm"
time="2026-04-05T00:39:03Z" level=info msg="create process:nginx"
time="2026-04-05T00:39:03Z" level=info msg="stop listening"
time="2026-04-05T00:39:03Z" level=info msg="try to start program" program=php-fpm
time="2026-04-05T00:39:03Z" level=info msg="try to start program" program=nginx
time="2026-04-05T00:39:04Z" level=info msg="success to start program" program=php-fpm
time="2026-04-05T00:39:04Z" level=info msg="success to start program" program=nginx
time="2026-04-05T00:41:25Z" level=info msg="create process:php-fpm"
time="2026-04-05T00:41:25Z" level=info msg="create process:nginx"
time="2026-04-05T00:41:25Z" level=info msg="stop listening"
time="2026-04-05T00:41:25Z" level=info msg="try to start program" program=php-fpm
time="2026-04-05T00:41:25Z" level=info msg="try to start program" program=nginx
time="2026-04-05T00:41:26Z" level=info msg="success to start program" program=nginx
time="2026-04-05T00:41:26Z" level=info msg="success to start program" program=php-fpm
